[2025-05-16 19:29:29,590] INFO [Controller id=0 epoch=2] Sending UpdateMetadata request to brokers HashSet(0) for 0 partitions (state.change.logger)
[2025-05-16 19:29:29,613] INFO [Controller id=0 epoch=2] Sending LeaderAndIsr request to broker 0 with 51 become-leader and 0 become-follower partitions (state.change.logger)
[2025-05-16 19:29:29,614] INFO [Controller id=0 epoch=2] Sending UpdateMetadata request to brokers HashSet(0) for 51 partitions (state.change.logger)
[2025-05-16 19:29:29,737] INFO [Broker id=0] Handling LeaderAndIsr request correlationId 1 from controller 0 for 51 partitions (state.change.logger)
[2025-05-16 19:29:29,749] INFO [Broker id=0] Stopped fetchers as part of LeaderAndIsr request correlationId 1 from controller 0 epoch 2 as part of the become-leader transition for 51 partitions (state.change.logger)
[2025-05-16 19:29:29,754] INFO [Broker id=0] Leader __consumer_offsets-3 with topic id Some(KMYoaVGzSIizKDFVSLvU0A) starts at leader epoch 0 from offset 0 with partition epoch 0, high watermark 0, ISR [0], adding replicas [] and removing replicas [] . Previous leader None and previous leader epoch was -1. (state.change.logger)
[2025-05-16 19:29:29,760] INFO [Broker id=0] Leader __consumer_offsets-18 with topic id Some(KMYoaVGzSIizKDFVSLvU0A) starts at leader epoch 0 from offset 0 with partition epoch 0, high watermark 0, ISR [0], adding replicas [] and removing replicas [] . Previous leader None and previous leader epoch was -1. (state.change.logger)
[2025-05-16 19:29:29,764] INFO [Broker id=0] Leader __consumer_offsets-41 with topic id Some(KMYoaVGzSIizKDFVSLvU0A) starts at leader epoch 0 from offset 0 with partition epoch 0, high watermark 0, ISR [0], adding replicas [] and removing replicas [] . Previous leader None and previous leader epoch was -1. (state.change.logger)
[2025-05-16 19:29:29,770] INFO [Broker id=0] Leader __consumer_offsets-10 with topic id Some(KMYoaVGzSIizKDFVSLvU0A) starts at leader epoch 0 from offset 0 with partition epoch 0, high watermark 0, ISR [0], adding replicas [] and removing replicas [] . Previous leader None and previous leader epoch was -1. (state.change.logger)
[2025-05-16 19:29:29,774] INFO [Broker id=0] Leader __consumer_offsets-33 with topic id Some(KMYoaVGzSIizKDFVSLvU0A) starts at leader epoch 0 from offset 0 with partition epoch 0, high watermark 0, ISR [0], adding replicas [] and removing replicas [] . Previous leader None and previous leader epoch was -1. (state.change.logger)
[2025-05-16 19:29:29,779] INFO [Broker id=0] Leader __consumer_offsets-48 with topic id Some(KMYoaVGzSIizKDFVSLvU0A) starts at leader epoch 0 from offset 0 with partition epoch 0, high watermark 0, ISR [0], adding replicas [] and removing replicas [] . Previous leader None and previous leader epoch was -1. (state.change.logger)
[2025-05-16 19:29:29,784] INFO [Broker id=0] Leader __consumer_offsets-19 with topic id Some(KMYoaVGzSIizKDFVSLvU0A) starts at leader epoch 0 from offset 0 with partition epoch 0, high watermark 0, ISR [0], adding replicas [] and removing replicas [] . Previous leader None and previous leader epoch was -1. (state.change.logger)
[2025-05-16 19:29:29,789] INFO [Broker id=0] Leader __consumer_offsets-34 with topic id Some(KMYoaVGzSIizKDFVSLvU0A) starts at leader epoch 0 from offset 0 with partition epoch 0, high watermark 0, ISR [0], adding replicas [] and removing replicas [] . Previous leader None and previous leader epoch was -1. (state.change.logger)
[2025-05-16 19:29:29,794] INFO [Broker id=0] Leader __consumer_offsets-4 with topic id Some(KMYoaVGzSIizKDFVSLvU0A) starts at leader epoch 0 from offset 0 with partition epoch 0, high watermark 0, ISR [0], adding replicas [] and removing replicas [] . Previous leader None and previous leader epoch was -1. (state.change.logger)
[2025-05-16 19:29:29,797] INFO [Broker id=0] Leader __consumer_offsets-11 with topic id Some(KMYoaVGzSIizKDFVSLvU0A) starts at leader epoch 0 from offset 0 with partition epoch 0, high watermark 0, ISR [0], adding replicas [] and removing replicas [] . Previous leader None and previous leader epoch was -1. (state.change.logger)
[2025-05-16 19:29:29,802] INFO [Broker id=0] Leader __consumer_offsets-26 with topic id Some(KMYoaVGzSIizKDFVSLvU0A) starts at leader epoch 0 from offset 0 with partition epoch 0, high watermark 0, ISR [0], adding replicas [] and removing replicas [] . Previous leader None and previous leader epoch was -1. (state.change.logger)
[2025-05-16 19:29:29,807] INFO [Broker id=0] Leader perf-test-0 with topic id Some(7a00JZK8RoCDerSuTYquZA) starts at leader epoch 0 from offset 200401 with partition epoch 0, high watermark 200401, ISR [0], adding replicas [] and removing replicas [] . Previous leader None and previous leader epoch was -1. (state.change.logger)
[2025-05-16 19:29:29,808] INFO [Broker id=0] Leader __consumer_offsets-49 with topic id Some(KMYoaVGzSIizKDFVSLvU0A) starts at leader epoch 0 from offset 0 with partition epoch 0, high watermark 0, ISR [0], adding replicas [] and removing replicas [] . Previous leader None and previous leader epoch was -1. (state.change.logger)
[2025-05-16 19:29:29,812] INFO [Broker id=0] Leader __consumer_offsets-39 with topic id Some(KMYoaVGzSIizKDFVSLvU0A) starts at leader epoch 0 from offset 0 with partition epoch 0, high watermark 0, ISR [0], adding replicas [] and removing replicas [] . Previous leader None and previous leader epoch was -1. (state.change.logger)
[2025-05-16 19:29:29,817] INFO [Broker id=0] Leader __consumer_offsets-9 with topic id Some(KMYoaVGzSIizKDFVSLvU0A) starts at leader epoch 0 from offset 0 with partition epoch 0, high watermark 0, ISR [0], adding replicas [] and removing replicas [] . Previous leader None and previous leader epoch was -1. (state.change.logger)
[2025-05-16 19:29:29,821] INFO [Broker id=0] Leader __consumer_offsets-24 with topic id Some(KMYoaVGzSIizKDFVSLvU0A) starts at leader epoch 0 from offset 0 with partition epoch 0, high watermark 0, ISR [0], adding replicas [] and removing replicas [] . Previous leader None and previous leader epoch was -1. (state.change.logger)
[2025-05-16 19:29:29,826] INFO [Broker id=0] Leader __consumer_offsets-31 with topic id Some(KMYoaVGzSIizKDFVSLvU0A) starts at leader epoch 0 from offset 5 with partition epoch 0, high watermark 5, ISR [0], adding replicas [] and removing replicas [] . Previous leader None and previous leader epoch was -1. (state.change.logger)
[2025-05-16 19:29:29,827] INFO [Broker id=0] Leader __consumer_offsets-46 with topic id Some(KMYoaVGzSIizKDFVSLvU0A) starts at leader epoch 0 from offset 0 with partition epoch 0, high watermark 0, ISR [0], adding replicas [] and removing replicas [] . Previous leader None and previous leader epoch was -1. (state.change.logger)
[2025-05-16 19:29:29,831] INFO [Broker id=0] Leader __consumer_offsets-1 with topic id Some(KMYoaVGzSIizKDFVSLvU0A) starts at leader epoch 0 from offset 0 with partition epoch 0, high watermark 0, ISR [0], adding replicas [] and removing replicas [] . Previous leader None and previous leader epoch was -1. (state.change.logger)
[2025-05-16 19:29:29,835] INFO [Broker id=0] Leader __consumer_offsets-16 with topic id Some(KMYoaVGzSIizKDFVSLvU0A) starts at leader epoch 0 from offset 0 with partition epoch 0, high watermark 0, ISR [0], adding replicas [] and removing replicas [] . Previous leader None and previous leader epoch was -1. (state.change.logger)
[2025-05-16 19:29:29,840] INFO [Broker id=0] Leader __consumer_offsets-2 with topic id Some(KMYoaVGzSIizKDFVSLvU0A) starts at leader epoch 0 from offset 0 with partition epoch 0, high watermark 0, ISR [0], adding replicas [] and removing replicas [] . Previous leader None and previous leader epoch was -1. (state.change.logger)
[2025-05-16 19:29:29,845] INFO [Broker id=0] Leader __consumer_offsets-25 with topic id Some(KMYoaVGzSIizKDFVSLvU0A) starts at leader epoch 0 from offset 0 with partition epoch 0, high watermark 0, ISR [0], adding replicas [] and removing replicas [] . Previous leader None and previous leader epoch was -1. (state.change.logger)
[2025-05-16 19:29:29,849] INFO [Broker id=0] Leader __consumer_offsets-40 with topic id Some(KMYoaVGzSIizKDFVSLvU0A) starts at leader epoch 0 from offset 0 with partition epoch 0, high watermark 0, ISR [0], adding replicas [] and removing replicas [] . Previous leader None and previous leader epoch was -1. (state.change.logger)
[2025-05-16 19:29:29,854] INFO [Broker id=0] Leader __consumer_offsets-47 with topic id Some(KMYoaVGzSIizKDFVSLvU0A) starts at leader epoch 0 from offset 0 with partition epoch 0, high watermark 0, ISR [0], adding replicas [] and removing replicas [] . Previous leader None and previous leader epoch was -1. (state.change.logger)
[2025-05-16 19:29:29,860] INFO [Broker id=0] Leader __consumer_offsets-17 with topic id Some(KMYoaVGzSIizKDFVSLvU0A) starts at leader epoch 0 from offset 0 with partition epoch 0, high watermark 0, ISR [0], adding replicas [] and removing replicas [] . Previous leader None and previous leader epoch was -1. (state.change.logger)
[2025-05-16 19:29:29,864] INFO [Broker id=0] Leader __consumer_offsets-32 with topic id Some(KMYoaVGzSIizKDFVSLvU0A) starts at leader epoch 0 from offset 0 with partition epoch 0, high watermark 0, ISR [0], adding replicas [] and removing replicas [] . Previous leader None and previous leader epoch was -1. (state.change.logger)
[2025-05-16 19:29:29,869] INFO [Broker id=0] Leader __consumer_offsets-37 with topic id Some(KMYoaVGzSIizKDFVSLvU0A) starts at leader epoch 0 from offset 0 with partition epoch 0, high watermark 0, ISR [0], adding replicas [] and removing replicas [] . Previous leader None and previous leader epoch was -1. (state.change.logger)
[2025-05-16 19:29:29,873] INFO [Broker id=0] Leader __consumer_offsets-7 with topic id Some(KMYoaVGzSIizKDFVSLvU0A) starts at leader epoch 0 from offset 0 with partition epoch 0, high watermark 0, ISR [0], adding replicas [] and removing replicas [] . Previous leader None and previous leader epoch was -1. (state.change.logger)
[2025-05-16 19:29:29,878] INFO [Broker id=0] Leader __consumer_offsets-22 with topic id Some(KMYoaVGzSIizKDFVSLvU0A) starts at leader epoch 0 from offset 0 with partition epoch 0, high watermark 0, ISR [0], adding replicas [] and removing replicas [] . Previous leader None and previous leader epoch was -1. (state.change.logger)
[2025-05-16 19:29:29,882] INFO [Broker id=0] Leader __consumer_offsets-29 with topic id Some(KMYoaVGzSIizKDFVSLvU0A) starts at leader epoch 0 from offset 0 with partition epoch 0, high watermark 0, ISR [0], adding replicas [] and removing replicas [] . Previous leader None and previous leader epoch was -1. (state.change.logger)
[2025-05-16 19:29:29,887] INFO [Broker id=0] Leader __consumer_offsets-44 with topic id Some(KMYoaVGzSIizKDFVSLvU0A) starts at leader epoch 0 from offset 0 with partition epoch 0, high watermark 0, ISR [0], adding replicas [] and removing replicas [] . Previous leader None and previous leader epoch was -1. (state.change.logger)
[2025-05-16 19:29:29,892] INFO [Broker id=0] Leader __consumer_offsets-14 with topic id Some(KMYoaVGzSIizKDFVSLvU0A) starts at leader epoch 0 from offset 0 with partition epoch 0, high watermark 0, ISR [0], adding replicas [] and removing replicas [] . Previous leader None and previous leader epoch was -1. (state.change.logger)
[2025-05-16 19:29:29,898] INFO [Broker id=0] Leader __consumer_offsets-23 with topic id Some(KMYoaVGzSIizKDFVSLvU0A) starts at leader epoch 0 from offset 0 with partition epoch 0, high watermark 0, ISR [0], adding replicas [] and removing replicas [] . Previous leader None and previous leader epoch was -1. (state.change.logger)
[2025-05-16 19:29:29,901] INFO [Broker id=0] Leader __consumer_offsets-38 with topic id Some(KMYoaVGzSIizKDFVSLvU0A) starts at leader epoch 0 from offset 0 with partition epoch 0, high watermark 0, ISR [0], adding replicas [] and removing replicas [] . Previous leader None and previous leader epoch was -1. (state.change.logger)
[2025-05-16 19:29:29,906] INFO [Broker id=0] Leader __consumer_offsets-8 with topic id Some(KMYoaVGzSIizKDFVSLvU0A) starts at leader epoch 0 from offset 0 with partition epoch 0, high watermark 0, ISR [0], adding replicas [] and removing replicas [] . Previous leader None and previous leader epoch was -1. (state.change.logger)
[2025-05-16 19:29:29,910] INFO [Broker id=0] Leader __consumer_offsets-45 with topic id Some(KMYoaVGzSIizKDFVSLvU0A) starts at leader epoch 0 from offset 0 with partition epoch 0, high watermark 0, ISR [0], adding replicas [] and removing replicas [] . Previous leader None and previous leader epoch was -1. (state.change.logger)
[2025-05-16 19:29:29,914] INFO [Broker id=0] Leader __consumer_offsets-15 with topic id Some(KMYoaVGzSIizKDFVSLvU0A) starts at leader epoch 0 from offset 0 with partition epoch 0, high watermark 0, ISR [0], adding replicas [] and removing replicas [] . Previous leader None and previous leader epoch was -1. (state.change.logger)
[2025-05-16 19:29:29,920] INFO [Broker id=0] Leader __consumer_offsets-30 with topic id Some(KMYoaVGzSIizKDFVSLvU0A) starts at leader epoch 0 from offset 0 with partition epoch 0, high watermark 0, ISR [0], adding replicas [] and removing replicas [] . Previous leader None and previous leader epoch was -1. (state.change.logger)
[2025-05-16 19:29:29,924] INFO [Broker id=0] Leader __consumer_offsets-0 with topic id Some(KMYoaVGzSIizKDFVSLvU0A) starts at leader epoch 0 from offset 0 with partition epoch 0, high watermark 0, ISR [0], adding replicas [] and removing replicas [] . Previous leader None and previous leader epoch was -1. (state.change.logger)
[2025-05-16 19:29:29,928] INFO [Broker id=0] Leader __consumer_offsets-35 with topic id Some(KMYoaVGzSIizKDFVSLvU0A) starts at leader epoch 0 from offset 0 with partition epoch 0, high watermark 0, ISR [0], adding replicas [] and removing replicas [] . Previous leader None and previous leader epoch was -1. (state.change.logger)
[2025-05-16 19:29:29,933] INFO [Broker id=0] Leader __consumer_offsets-5 with topic id Some(KMYoaVGzSIizKDFVSLvU0A) starts at leader epoch 0 from offset 0 with partition epoch 0, high watermark 0, ISR [0], adding replicas [] and removing replicas [] . Previous leader None and previous leader epoch was -1. (state.change.logger)
[2025-05-16 19:29:29,938] INFO [Broker id=0] Leader __consumer_offsets-20 with topic id Some(KMYoaVGzSIizKDFVSLvU0A) starts at leader epoch 0 from offset 0 with partition epoch 0, high watermark 0, ISR [0], adding replicas [] and removing replicas [] . Previous leader None and previous leader epoch was -1. (state.change.logger)
[2025-05-16 19:29:29,940] INFO [Broker id=0] Leader __consumer_offsets-27 with topic id Some(KMYoaVGzSIizKDFVSLvU0A) starts at leader epoch 0 from offset 0 with partition epoch 0, high watermark 0, ISR [0], adding replicas [] and removing replicas [] . Previous leader None and previous leader epoch was -1. (state.change.logger)
[2025-05-16 19:29:29,947] INFO [Broker id=0] Leader __consumer_offsets-42 with topic id Some(KMYoaVGzSIizKDFVSLvU0A) starts at leader epoch 0 from offset 0 with partition epoch 0, high watermark 0, ISR [0], adding replicas [] and removing replicas [] . Previous leader None and previous leader epoch was -1. (state.change.logger)
[2025-05-16 19:29:29,952] INFO [Broker id=0] Leader __consumer_offsets-12 with topic id Some(KMYoaVGzSIizKDFVSLvU0A) starts at leader epoch 0 from offset 0 with partition epoch 0, high watermark 0, ISR [0], adding replicas [] and removing replicas [] . Previous leader None and previous leader epoch was -1. (state.change.logger)
[2025-05-16 19:29:29,957] INFO [Broker id=0] Leader __consumer_offsets-21 with topic id Some(KMYoaVGzSIizKDFVSLvU0A) starts at leader epoch 0 from offset 0 with partition epoch 0, high watermark 0, ISR [0], adding replicas [] and removing replicas [] . Previous leader None and previous leader epoch was -1. (state.change.logger)
[2025-05-16 19:29:29,962] INFO [Broker id=0] Leader __consumer_offsets-36 with topic id Some(KMYoaVGzSIizKDFVSLvU0A) starts at leader epoch 0 from offset 0 with partition epoch 0, high watermark 0, ISR [0], adding replicas [] and removing replicas [] . Previous leader None and previous leader epoch was -1. (state.change.logger)
[2025-05-16 19:29:29,967] INFO [Broker id=0] Leader __consumer_offsets-6 with topic id Some(KMYoaVGzSIizKDFVSLvU0A) starts at leader epoch 0 from offset 0 with partition epoch 0, high watermark 0, ISR [0], adding replicas [] and removing replicas [] . Previous leader None and previous leader epoch was -1. (state.change.logger)
[2025-05-16 19:29:29,972] INFO [Broker id=0] Leader __consumer_offsets-43 with topic id Some(KMYoaVGzSIizKDFVSLvU0A) starts at leader epoch 0 from offset 0 with partition epoch 0, high watermark 0, ISR [0], adding replicas [] and removing replicas [] . Previous leader None and previous leader epoch was -1. (state.change.logger)
[2025-05-16 19:29:29,976] INFO [Broker id=0] Leader __consumer_offsets-13 with topic id Some(KMYoaVGzSIizKDFVSLvU0A) starts at leader epoch 0 from offset 0 with partition epoch 0, high watermark 0, ISR [0], adding replicas [] and removing replicas [] . Previous leader None and previous leader epoch was -1. (state.change.logger)
[2025-05-16 19:29:29,981] INFO [Broker id=0] Leader __consumer_offsets-28 with topic id Some(KMYoaVGzSIizKDFVSLvU0A) starts at leader epoch 0 from offset 0 with partition epoch 0, high watermark 0, ISR [0], adding replicas [] and removing replicas [] . Previous leader None and previous leader epoch was -1. (state.change.logger)
[2025-05-16 19:29:30,000] INFO [Broker id=0] Finished LeaderAndIsr request in 263ms correlationId 1 from controller 0 for 51 partitions (state.change.logger)
[2025-05-16 19:29:30,005] INFO [Broker id=0] Add 51 partitions and deleted 0 partitions from metadata cache in response to UpdateMetadata request sent by controller 0 epoch 2 with correlation id 2 (state.change.logger)
[2025-05-16 19:30:57,909] INFO [Controller id=0 epoch=2] Changed partition kafka_mqtt-0 state from NonExistentPartition to NewPartition with assigned replicas 0 (state.change.logger)
[2025-05-16 19:30:57,909] INFO [Controller id=0 epoch=2] Sending UpdateMetadata request to brokers HashSet() for 0 partitions (state.change.logger)
[2025-05-16 19:30:57,909] INFO [Controller id=0 epoch=2] Sending UpdateMetadata request to brokers HashSet() for 0 partitions (state.change.logger)
[2025-05-16 19:30:57,925] INFO [Controller id=0 epoch=2] Changed partition kafka_mqtt-0 from NewPartition to OnlinePartition with state LeaderAndIsr(leader=0, leaderEpoch=0, isrWithBrokerEpoch=List(BrokerState(brokerId=0, brokerEpoch=-1)), leaderRecoveryState=RECOVERED, partitionEpoch=0) (state.change.logger)
[2025-05-16 19:30:57,925] INFO [Controller id=0 epoch=2] Sending LeaderAndIsr request to broker 0 with 1 become-leader and 0 become-follower partitions (state.change.logger)
[2025-05-16 19:30:57,925] INFO [Controller id=0 epoch=2] Sending UpdateMetadata request to brokers HashSet(0) for 1 partitions (state.change.logger)
[2025-05-16 19:30:57,925] INFO [Controller id=0 epoch=2] Sending UpdateMetadata request to brokers HashSet() for 0 partitions (state.change.logger)
[2025-05-16 19:30:57,926] INFO [Broker id=0] Handling LeaderAndIsr request correlationId 3 from controller 0 for 1 partitions (state.change.logger)
[2025-05-16 19:30:57,926] INFO [Broker id=0] Stopped fetchers as part of LeaderAndIsr request correlationId 3 from controller 0 epoch 2 as part of the become-leader transition for 1 partitions (state.change.logger)
[2025-05-16 19:30:57,930] INFO [Broker id=0] Leader kafka_mqtt-0 with topic id Some(MF5IPVYISQ2mTwA0GLhQRg) starts at leader epoch 0 from offset 0 with partition epoch 0, high watermark 0, ISR [0], adding replicas [] and removing replicas [] . Previous leader None and previous leader epoch was -1. (state.change.logger)
[2025-05-16 19:30:57,939] INFO [Broker id=0] Finished LeaderAndIsr request in 13ms correlationId 3 from controller 0 for 1 partitions (state.change.logger)
[2025-05-16 19:30:57,940] INFO [Broker id=0] Add 1 partitions and deleted 0 partitions from metadata cache in response to UpdateMetadata request sent by controller 0 epoch 2 with correlation id 4 (state.change.logger)
[2025-05-16 19:32:57,141] INFO [Controller id=0 epoch=2] Sending UpdateMetadata request to brokers HashSet() for 0 partitions (state.change.logger)
